Jan 04, 2024 2:03:19 AM org.apache.jk.common.MsgAjp processHeader
SEVERE: BAD packet signature 18245
Jan 04, 2024 2:03:19 AM org.apache.jk.common.ChannelSocket processConnection
SEVERE: Error, processing connection
java.lang.IndexOutOfBoundsException
	at java.io.BufferedInputStream.read(BufferedInputStream.java:338)
	at org.apache.jk.common.ChannelSocket.read(ChannelSocket.java:645)
	at org.apache.jk.common.ChannelSocket.receive(ChannelSocket.java:602)
	at org.apache.jk.common.ChannelSocket.processConnection(ChannelSocket.java:710)
	at org.apache.jk.common.ChannelSocket$SocketConnection.runIt(ChannelSocket.java:915)
	at org.apache.tomcat.util.threads.ThreadPool$ControlRunnable.run(ThreadPool.java:690)
	at java.lang.Thread.run(Thread.java:748)

Jan 04, 2024 2:03:19 AM org.apache.jk.common.MsgAjp processHeader
SEVERE: BAD packet signature 18245
Jan 04, 2024 2:03:19 AM org.apache.jk.common.ChannelSocket processConnection
SEVERE: Error, processing connection
java.lang.IndexOutOfBoundsException
	at java.io.BufferedInputStream.read(BufferedInputStream.java:338)
	at org.apache.jk.common.ChannelSocket.read(ChannelSocket.java:645)
	at org.apache.jk.common.ChannelSocket.receive(ChannelSocket.java:602)
	at org.apache.jk.common.ChannelSocket.processConnection(ChannelSocket.java:710)
	at org.apache.jk.common.ChannelSocket$SocketConnection.runIt(ChannelSocket.java:915)
	at org.apache.tomcat.util.threads.ThreadPool$ControlRunnable.run(ThreadPool.java:690)
	at java.lang.Thread.run(Thread.java:748)

Jan 04, 2024 2:03:19 AM org.apache.jk.common.MsgAjp processHeader
SEVERE: BAD packet signature 5635
Jan 04, 2024 2:03:21 AM org.apache.jk.common.ChannelSocket read
INFO: Error reading data after 172bytes
java.net.SocketException: Connection reset
	at java.net.SocketInputStream.read(SocketInputStream.java:210)
	at java.net.SocketInputStream.read(SocketInputStream.java:141)
	at java.io.BufferedInputStream.fill(BufferedInputStream.java:246)
	at java.io.BufferedInputStream.read1(BufferedInputStream.java:286)
	at java.io.BufferedInputStream.read(BufferedInputStream.java:345)
	at org.apache.jk.common.ChannelSocket.read(ChannelSocket.java:645)
	at org.apache.jk.common.ChannelSocket.receive(ChannelSocket.java:602)
	at org.apache.jk.common.ChannelSocket.processConnection(ChannelSocket.java:710)
	at org.apache.jk.common.ChannelSocket$SocketConnection.runIt(ChannelSocket.java:915)
	at org.apache.tomcat.util.threads.ThreadPool$ControlRunnable.run(ThreadPool.java:690)
	at java.lang.Thread.run(Thread.java:748)

Jan 04, 2024 2:03:21 AM org.apache.jk.common.ChannelSocket receive
WARNING: can't read body, waited #768
Jan 04, 2024 2:03:21 AM org.apache.jk.common.ChannelSocket processConnection
WARNING: Closing ajp connection -1
џэт 04, 2024 11:40:18 AM org.apache.catalina.core.AprLifecycleListener init
INFO: The APR based Apache Tomcat Native library which allows optimal performance in production environments was not found on the java.library.path: C:\Program Files\OpenJDK\jdk-8.0.262.10-hotspot\bin;C:\Windows\Sun\Java\bin;C:\Windows\system32;C:\Windows;C:\Program Files\OpenJDK\jdk-8.0.262.10-hotspot\bin;C:\Program Files (x86)\Common Files\Oracle\Java\javapath;C:\Program Files (x86)\VMware\VMware Player\bin\;C:\Windows\system32;C:\Windows;C:\Windows\System32\Wbem;C:\Windows\System32\WindowsPowerShell\v1.0\;C:\Windows\System32\OpenSSH\;C:\Program Files\dotnet\;C:\Program Files\nodejs\;C:\Program Files\OpenJDK\jdk-8.0.262.10-hotspot\bin;C:\Program Files (x86)\Avest\AvPCM_nces;C:\Program Files\Git\cmd;C:\Program Files\k6\;C:\Users\dzmikhalchuk\AppData\Local\Programs\Python\Python310\Scripts\;C:\Users\dzmikhalchuk\AppData\Local\Programs\Python\Python310\;C:\Users\dzmikhalchuk\AppData\Local\Microsoft\WindowsApps;C:\Users\dzmikhalchuk\AppData\Roaming\npm;C:\Users\dzmikhalchuk\AppData\Local\Programs\Microsoft VS Code\bin;C:\Users\dzmikhalchuk\AppData\Local\Programs\Python\Python310\python.exe;C:\Program Files\OpenJDK\jdk-8.0.262.10-hotspot\bin;;.
џэт 04, 2024 11:40:19 AM org.apache.coyote.http11.Http11Protocol init
INFO: Initializing Coyote HTTP/1.1 on http-8080
џэт 04, 2024 11:40:19 AM org.apache.catalina.startup.Catalina load
INFO: Initialization processed in 492 ms
џэт 04, 2024 11:40:19 AM org.apache.catalina.core.StandardService start
INFO: Starting service Catalina
џэт 04, 2024 11:40:19 AM org.apache.catalina.core.StandardEngine start
INFO: Starting Servlet Engine: Apache Tomcat/6.0.53
џэт 04, 2024 11:40:19 AM org.apache.catalina.startup.HostConfig deployDescriptor
INFO: Deploying configuration descriptor host-manager.xml
џэт 04, 2024 11:40:19 AM org.apache.catalina.startup.HostConfig deployDescriptor
INFO: Deploying configuration descriptor manager.xml
џэт 04, 2024 11:40:19 AM org.apache.catalina.startup.HostConfig deployDirectory
INFO: Deploying web application directory axis
џэт 04, 2024 11:40:19 AM org.apache.catalina.startup.HostConfig deployDirectory
INFO: Deploying web application directory docs
џэт 04, 2024 11:40:19 AM org.apache.catalina.startup.HostConfig deployDirectory
INFO: Deploying web application directory examples
џэт 04, 2024 11:40:20 AM org.apache.catalina.startup.HostConfig deployDirectory
INFO: Deploying web application directory ROOT
џэт 04, 2024 11:40:20 AM org.apache.coyote.http11.Http11Protocol start
INFO: Starting Coyote HTTP/1.1 on http-8080
џэт 04, 2024 11:40:20 AM org.apache.jk.common.ChannelSocket init
INFO: JK: ajp13 listening on /0.0.0.0:8009
џэт 04, 2024 11:40:20 AM org.apache.jk.server.JkMain start
INFO: Jk running ID=0 time=0/19  config=null
џэт 04, 2024 11:40:20 AM org.apache.catalina.startup.Catalina start
INFO: Server startup in 1161 ms
Jan 04, 2024 11:56:49 AM org.apache.coyote.http11.Http11Protocol pause
INFO: Pausing Coyote HTTP/1.1 on http-8080
Jan 04, 2024 11:56:50 AM org.apache.catalina.core.StandardService stop
INFO: Stopping service Catalina
Jan 04, 2024 11:56:50 AM org.apache.coyote.http11.Http11Protocol destroy
INFO: Stopping Coyote HTTP/1.1 on http-8080
џэт 04, 2024 11:56:52 AM org.apache.catalina.core.AprLifecycleListener init
INFO: The APR based Apache Tomcat Native library which allows optimal performance in production environments was not found on the java.library.path: C:\Program Files\OpenJDK\jdk-8.0.262.10-hotspot\bin;C:\Windows\Sun\Java\bin;C:\Windows\system32;C:\Windows;C:\Program Files\OpenJDK\jdk-8.0.262.10-hotspot\bin;C:\Program Files (x86)\Common Files\Oracle\Java\javapath;C:\Program Files (x86)\VMware\VMware Player\bin\;C:\Windows\system32;C:\Windows;C:\Windows\System32\Wbem;C:\Windows\System32\WindowsPowerShell\v1.0\;C:\Windows\System32\OpenSSH\;C:\Program Files\dotnet\;C:\Program Files\nodejs\;C:\Program Files\OpenJDK\jdk-8.0.262.10-hotspot\bin;C:\Program Files (x86)\Avest\AvPCM_nces;C:\Program Files\Git\cmd;C:\Program Files\k6\;C:\Users\dzmikhalchuk\AppData\Local\Programs\Python\Python310\Scripts\;C:\Users\dzmikhalchuk\AppData\Local\Programs\Python\Python310\;C:\Users\dzmikhalchuk\AppData\Local\Microsoft\WindowsApps;C:\Users\dzmikhalchuk\AppData\Roaming\npm;C:\Users\dzmikhalchuk\AppData\Local\Programs\Microsoft VS Code\bin;C:\Users\dzmikhalchuk\AppData\Local\Programs\Python\Python310\python.exe;C:\Program Files\OpenJDK\jdk-8.0.262.10-hotspot\bin;;.
џэт 04, 2024 11:56:52 AM org.apache.coyote.http11.Http11Protocol init
INFO: Initializing Coyote HTTP/1.1 on http-8080
џэт 04, 2024 11:56:52 AM org.apache.catalina.startup.Catalina load
INFO: Initialization processed in 429 ms
џэт 04, 2024 11:56:52 AM org.apache.catalina.core.StandardService start
INFO: Starting service Catalina
џэт 04, 2024 11:56:52 AM org.apache.catalina.core.StandardEngine start
INFO: Starting Servlet Engine: Apache Tomcat/6.0.53
џэт 04, 2024 11:56:52 AM org.apache.catalina.startup.HostConfig deployDescriptor
INFO: Deploying configuration descriptor host-manager.xml
џэт 04, 2024 11:56:52 AM org.apache.catalina.startup.HostConfig deployDescriptor
INFO: Deploying configuration descriptor manager.xml
џэт 04, 2024 11:56:52 AM org.apache.catalina.startup.HostConfig deployDirectory
INFO: Deploying web application directory axis
џэт 04, 2024 11:56:53 AM org.apache.catalina.startup.HostConfig deployDirectory
INFO: Deploying web application directory docs
џэт 04, 2024 11:56:53 AM org.apache.catalina.startup.HostConfig deployDirectory
INFO: Deploying web application directory examples
џэт 04, 2024 11:56:53 AM org.apache.catalina.startup.HostConfig deployDirectory
INFO: Deploying web application directory ROOT
џэт 04, 2024 11:56:53 AM org.apache.coyote.http11.Http11Protocol start
INFO: Starting Coyote HTTP/1.1 on http-8080
џэт 04, 2024 11:56:53 AM org.apache.jk.common.ChannelSocket init
INFO: JK: ajp13 listening on /0.0.0.0:8009
џэт 04, 2024 11:56:53 AM org.apache.jk.server.JkMain start
INFO: Jk running ID=0 time=0/22  config=null
џэт 04, 2024 11:56:53 AM org.apache.catalina.startup.Catalina start
INFO: Server startup in 1203 ms
џэт 04, 2024 11:57:30 AM org.apache.catalina.startup.Catalina stopServer
SEVERE: Catalina.stop: 
java.net.ConnectException: Connection refused: connect
	at java.net.DualStackPlainSocketImpl.connect0(Native Method)
	at java.net.DualStackPlainSocketImpl.socketConnect(DualStackPlainSocketImpl.java:79)
	at java.net.AbstractPlainSocketImpl.doConnect(AbstractPlainSocketImpl.java:350)
	at java.net.AbstractPlainSocketImpl.connectToAddress(AbstractPlainSocketImpl.java:206)
	at java.net.AbstractPlainSocketImpl.connect(AbstractPlainSocketImpl.java:188)
	at java.net.PlainSocketImpl.connect(PlainSocketImpl.java:172)
	at java.net.SocksSocketImpl.connect(SocksSocketImpl.java:392)
	at java.net.Socket.connect(Socket.java:607)
	at java.net.Socket.connect(Socket.java:556)
	at java.net.Socket.<init>(Socket.java:452)
	at java.net.Socket.<init>(Socket.java:229)
	at org.apache.catalina.startup.Catalina.stopServer(Catalina.java:422)
	at sun.reflect.NativeMethodAccessorImpl.invoke0(Native Method)
	at sun.reflect.NativeMethodAccessorImpl.invoke(NativeMethodAccessorImpl.java:62)
	at sun.reflect.DelegatingMethodAccessorImpl.invoke(DelegatingMethodAccessorImpl.java:43)
	at java.lang.reflect.Method.invoke(Method.java:498)
	at org.apache.catalina.startup.Bootstrap.stopServer(Bootstrap.java:338)
	at org.apache.catalina.startup.Bootstrap.main(Bootstrap.java:416)

џэт 04, 2024 11:58:12 AM org.apache.catalina.startup.Catalina stopServer
SEVERE: Catalina.stop: 
java.net.ConnectException: Connection refused: connect
	at java.net.DualStackPlainSocketImpl.connect0(Native Method)
	at java.net.DualStackPlainSocketImpl.socketConnect(DualStackPlainSocketImpl.java:79)
	at java.net.AbstractPlainSocketImpl.doConnect(AbstractPlainSocketImpl.java:350)
	at java.net.AbstractPlainSocketImpl.connectToAddress(AbstractPlainSocketImpl.java:206)
	at java.net.AbstractPlainSocketImpl.connect(AbstractPlainSocketImpl.java:188)
	at java.net.PlainSocketImpl.connect(PlainSocketImpl.java:172)
	at java.net.SocksSocketImpl.connect(SocksSocketImpl.java:392)
	at java.net.Socket.connect(Socket.java:607)
	at java.net.Socket.connect(Socket.java:556)
	at java.net.Socket.<init>(Socket.java:452)
	at java.net.Socket.<init>(Socket.java:229)
	at org.apache.catalina.startup.Catalina.stopServer(Catalina.java:422)
	at sun.reflect.NativeMethodAccessorImpl.invoke0(Native Method)
	at sun.reflect.NativeMethodAccessorImpl.invoke(NativeMethodAccessorImpl.java:62)
	at sun.reflect.DelegatingMethodAccessorImpl.invoke(DelegatingMethodAccessorImpl.java:43)
	at java.lang.reflect.Method.invoke(Method.java:498)
	at org.apache.catalina.startup.Bootstrap.stopServer(Bootstrap.java:338)
	at org.apache.catalina.startup.Bootstrap.main(Bootstrap.java:416)

џэт 04, 2024 11:58:20 AM org.apache.catalina.core.AprLifecycleListener init
INFO: The APR based Apache Tomcat Native library which allows optimal performance in production environments was not found on the java.library.path: C:\Program Files\OpenJDK\jdk-8.0.262.10-hotspot\bin;C:\Windows\Sun\Java\bin;C:\Windows\system32;C:\Windows;C:\Program Files\OpenJDK\jdk-8.0.262.10-hotspot\bin;C:\Program Files (x86)\Common Files\Oracle\Java\javapath;C:\Program Files (x86)\VMware\VMware Player\bin\;C:\Windows\system32;C:\Windows;C:\Windows\System32\Wbem;C:\Windows\System32\WindowsPowerShell\v1.0\;C:\Windows\System32\OpenSSH\;C:\Program Files\dotnet\;C:\Program Files\nodejs\;C:\Program Files\OpenJDK\jdk-8.0.262.10-hotspot\bin;C:\Program Files (x86)\Avest\AvPCM_nces;C:\Program Files\Git\cmd;C:\Program Files\k6\;C:\Users\dzmikhalchuk\AppData\Local\Programs\Python\Python310\Scripts\;C:\Users\dzmikhalchuk\AppData\Local\Programs\Python\Python310\;C:\Users\dzmikhalchuk\AppData\Local\Microsoft\WindowsApps;C:\Users\dzmikhalchuk\AppData\Roaming\npm;C:\Users\dzmikhalchuk\AppData\Local\Programs\Microsoft VS Code\bin;C:\Users\dzmikhalchuk\AppData\Local\Programs\Python\Python310\python.exe;C:\Program Files\OpenJDK\jdk-8.0.262.10-hotspot\bin;;.
џэт 04, 2024 11:58:20 AM org.apache.coyote.http11.Http11Protocol init
INFO: Initializing Coyote HTTP/1.1 on http-8080
џэт 04, 2024 11:58:20 AM org.apache.catalina.startup.Catalina load
INFO: Initialization processed in 458 ms
џэт 04, 2024 11:58:20 AM org.apache.catalina.core.StandardService start
INFO: Starting service Catalina
џэт 04, 2024 11:58:20 AM org.apache.catalina.core.StandardEngine start
INFO: Starting Servlet Engine: Apache Tomcat/6.0.53
џэт 04, 2024 11:58:20 AM org.apache.catalina.startup.HostConfig deployDescriptor
INFO: Deploying configuration descriptor host-manager.xml
џэт 04, 2024 11:58:20 AM org.apache.catalina.startup.HostConfig deployDescriptor
INFO: Deploying configuration descriptor manager.xml
џэт 04, 2024 11:58:20 AM org.apache.catalina.startup.HostConfig deployDirectory
INFO: Deploying web application directory axis
џэт 04, 2024 11:58:21 AM org.apache.catalina.startup.HostConfig deployDirectory
INFO: Deploying web application directory docs
џэт 04, 2024 11:58:21 AM org.apache.catalina.startup.HostConfig deployDirectory
INFO: Deploying web application directory examples
џэт 04, 2024 11:58:21 AM org.apache.catalina.startup.HostConfig deployDirectory
INFO: Deploying web application directory ROOT
џэт 04, 2024 11:58:21 AM org.apache.coyote.http11.Http11Protocol start
INFO: Starting Coyote HTTP/1.1 on http-8080
џэт 04, 2024 11:58:21 AM org.apache.jk.common.ChannelSocket init
INFO: JK: ajp13 listening on /0.0.0.0:8009
џэт 04, 2024 11:58:21 AM org.apache.jk.server.JkMain start
INFO: Jk running ID=0 time=0/22  config=null
џэт 04, 2024 11:58:21 AM org.apache.catalina.startup.Catalina start
INFO: Server startup in 1147 ms
џэт 04, 2024 12:01:57 PM org.apache.catalina.core.AprLifecycleListener init
INFO: The APR based Apache Tomcat Native library which allows optimal performance in production environments was not found on the java.library.path: C:\Program Files\OpenJDK\jdk-8.0.262.10-hotspot\bin;C:\Windows\Sun\Java\bin;C:\Windows\system32;C:\Windows;C:\Program Files\OpenJDK\jdk-8.0.262.10-hotspot\bin;C:\Program Files (x86)\Common Files\Oracle\Java\javapath;C:\Program Files (x86)\VMware\VMware Player\bin\;C:\Windows\system32;C:\Windows;C:\Windows\System32\Wbem;C:\Windows\System32\WindowsPowerShell\v1.0\;C:\Windows\System32\OpenSSH\;C:\Program Files\dotnet\;C:\Program Files\nodejs\;C:\Program Files\OpenJDK\jdk-8.0.262.10-hotspot\bin;C:\Program Files (x86)\Avest\AvPCM_nces;C:\Program Files\Git\cmd;C:\Program Files\k6\;C:\Users\dzmikhalchuk\AppData\Local\Programs\Python\Python310\Scripts\;C:\Users\dzmikhalchuk\AppData\Local\Programs\Python\Python310\;C:\Users\dzmikhalchuk\AppData\Local\Microsoft\WindowsApps;C:\Users\dzmikhalchuk\AppData\Roaming\npm;C:\Users\dzmikhalchuk\AppData\Local\Programs\Microsoft VS Code\bin;C:\Users\dzmikhalchuk\AppData\Local\Programs\Python\Python310\python.exe;C:\Program Files\OpenJDK\jdk-8.0.262.10-hotspot\bin;;.
џэт 04, 2024 12:01:57 PM org.apache.coyote.http11.Http11Protocol init
INFO: Initializing Coyote HTTP/1.1 on http-8080
џэт 04, 2024 12:01:57 PM org.apache.catalina.startup.Catalina load
INFO: Initialization processed in 606 ms
џэт 04, 2024 12:01:57 PM org.apache.catalina.core.StandardService start
INFO: Starting service Catalina
џэт 04, 2024 12:01:57 PM org.apache.catalina.core.StandardEngine start
INFO: Starting Servlet Engine: Apache Tomcat/6.0.53
џэт 04, 2024 12:01:57 PM org.apache.catalina.startup.HostConfig deployDescriptor
INFO: Deploying configuration descriptor host-manager.xml
џэт 04, 2024 12:01:58 PM org.apache.catalina.startup.HostConfig deployDescriptor
INFO: Deploying configuration descriptor manager.xml
џэт 04, 2024 12:01:58 PM org.apache.catalina.startup.HostConfig deployDirectory
INFO: Deploying web application directory axis
џэт 04, 2024 12:01:58 PM org.apache.catalina.startup.HostConfig deployDirectory
INFO: Deploying web application directory docs
џэт 04, 2024 12:01:58 PM org.apache.catalina.startup.HostConfig deployDirectory
INFO: Deploying web application directory examples
џэт 04, 2024 12:01:58 PM org.apache.catalina.startup.HostConfig deployDirectory
INFO: Deploying web application directory ROOT
џэт 04, 2024 12:01:58 PM org.apache.coyote.http11.Http11Protocol start
INFO: Starting Coyote HTTP/1.1 on http-8080
џэт 04, 2024 12:01:59 PM org.apache.jk.common.ChannelSocket init
INFO: JK: ajp13 listening on /0.0.0.0:8009
џэт 04, 2024 12:01:59 PM org.apache.jk.server.JkMain start
INFO: Jk running ID=0 time=0/17  config=null
џэт 04, 2024 12:01:59 PM org.apache.catalina.startup.Catalina start
INFO: Server startup in 1204 ms
Jan 04, 2024 12:34:55 PM org.apache.jk.common.MsgAjp processHeader
SEVERE: BAD packet signature 18245
Jan 04, 2024 12:34:55 PM org.apache.jk.common.ChannelSocket processConnection
SEVERE: Error, processing connection
java.lang.IndexOutOfBoundsException
	at java.io.BufferedInputStream.read(BufferedInputStream.java:338)
	at org.apache.jk.common.ChannelSocket.read(ChannelSocket.java:645)
	at org.apache.jk.common.ChannelSocket.receive(ChannelSocket.java:602)
	at org.apache.jk.common.ChannelSocket.processConnection(ChannelSocket.java:710)
	at org.apache.jk.common.ChannelSocket$SocketConnection.runIt(ChannelSocket.java:915)
	at org.apache.tomcat.util.threads.ThreadPool$ControlRunnable.run(ThreadPool.java:690)
	at java.lang.Thread.run(Thread.java:748)

Jan 04, 2024 12:34:55 PM org.apache.jk.common.MsgAjp processHeader
SEVERE: BAD packet signature 18245
Jan 04, 2024 12:34:55 PM org.apache.jk.common.ChannelSocket processConnection
SEVERE: Error, processing connection
java.lang.IndexOutOfBoundsException
	at java.io.BufferedInputStream.read(BufferedInputStream.java:338)
	at org.apache.jk.common.ChannelSocket.read(ChannelSocket.java:645)
	at org.apache.jk.common.ChannelSocket.receive(ChannelSocket.java:602)
	at org.apache.jk.common.ChannelSocket.processConnection(ChannelSocket.java:710)
	at org.apache.jk.common.ChannelSocket$SocketConnection.runIt(ChannelSocket.java:915)
	at org.apache.tomcat.util.threads.ThreadPool$ControlRunnable.run(ThreadPool.java:690)
	at java.lang.Thread.run(Thread.java:748)

Jan 04, 2024 12:34:55 PM org.apache.jk.common.MsgAjp processHeader
SEVERE: BAD packet signature 5635
Jan 04, 2024 12:34:56 PM org.apache.jk.common.ChannelSocket read
INFO: Error reading data after 172bytes
java.net.SocketException: Connection reset
	at java.net.SocketInputStream.read(SocketInputStream.java:210)
	at java.net.SocketInputStream.read(SocketInputStream.java:141)
	at java.io.BufferedInputStream.fill(BufferedInputStream.java:246)
	at java.io.BufferedInputStream.read1(BufferedInputStream.java:286)
	at java.io.BufferedInputStream.read(BufferedInputStream.java:345)
	at org.apache.jk.common.ChannelSocket.read(ChannelSocket.java:645)
	at org.apache.jk.common.ChannelSocket.receive(ChannelSocket.java:602)
	at org.apache.jk.common.ChannelSocket.processConnection(ChannelSocket.java:710)
	at org.apache.jk.common.ChannelSocket$SocketConnection.runIt(ChannelSocket.java:915)
	at org.apache.tomcat.util.threads.ThreadPool$ControlRunnable.run(ThreadPool.java:690)
	at java.lang.Thread.run(Thread.java:748)

Jan 04, 2024 12:34:56 PM org.apache.jk.common.ChannelSocket receive
WARNING: can't read body, waited #768
Jan 04, 2024 12:34:56 PM org.apache.jk.common.ChannelSocket processConnection
WARNING: Closing ajp connection -1
