22.01.2024 18:34:46 org.apache.catalina.core.AprLifecycleListener init
INFO: The APR based Apache Tomcat Native library which allows optimal performance in production environments was not found on the java.library.path: C:\Program Files\Java\jdk1.6.0_45\bin;C:\Windows\Sun\Java\bin;C:\Windows\system32;C:\Windows;C:\Program Files (x86)\VMware\VMware Player\bin\;C:\Windows\system32;C:\Windows;C:\Windows\System32\Wbem;C:\Windows\System32\WindowsPowerShell\v1.0\;C:\Windows\System32\OpenSSH\;C:\Program Files\dotnet\;C:\Program Files\nodejs\;C:\Program Files (x86)\Avest\AvPCM_nces;C:\Program Files\Git\cmd;C:\Program Files\k6\;C:\tools\apache-maven-3.6.3\bin;C:\Program Files\Microsoft SQL Server\150\Tools\Binn\;C:\Program Files\Microsoft SQL Server\Client SDK\ODBC\170\Tools\Binn\;C:\Program Files\Microsoft SQL Server\130\Tools\Binn\;C:\Program Files\MySQL\MySQL Shell 8.0\bin\;C:\Users\dzmikhalchuk\AppData\Local\Programs\Python\Python310\Scripts\;C:\Users\dzmikhalchuk\AppData\Local\Programs\Python\Python310\;C:\Users\dzmikhalchuk\AppData\Local\Microsoft\WindowsApps;C:\Users\dzmikhalchuk\AppData\Roaming\npm;C:\Users\dzmikhalchuk\AppData\Local\Programs\Microsoft VS Code\bin;C:\Users\dzmikhalchuk\AppData\Local\Programs\Python\Python310\python.exe;C:\Program Files\Java\jdk1.6.0_45\bin;C:\Users\dzmikhalchuk\.dotnet\tools;.
22.01.2024 18:34:46 org.apache.coyote.http11.Http11Protocol init
INFO: Initializing Coyote HTTP/1.1 on http-8080
22.01.2024 18:34:46 org.apache.catalina.startup.Catalina load
INFO: Initialization processed in 243 ms
22.01.2024 18:34:46 org.apache.catalina.core.StandardService start
INFO: Starting service Catalina
22.01.2024 18:34:46 org.apache.catalina.core.StandardEngine start
INFO: Starting Servlet Engine: Apache Tomcat/6.0.53
22.01.2024 18:34:46 org.apache.catalina.startup.HostConfig deployDescriptor
INFO: Deploying configuration descriptor host-manager.xml
22.01.2024 18:34:46 org.apache.catalina.startup.HostConfig deployDescriptor
INFO: Deploying configuration descriptor manager.xml
22.01.2024 18:34:46 org.apache.catalina.startup.HostConfig deployDirectory
INFO: Deploying web application directory axis
22.01.2024 18:34:47 org.apache.catalina.startup.HostConfig deployDirectory
INFO: Deploying web application directory docs
22.01.2024 18:34:47 org.apache.catalina.startup.HostConfig deployDirectory
INFO: Deploying web application directory examples
22.01.2024 18:34:47 org.apache.catalina.startup.HostConfig deployDirectory
INFO: Deploying web application directory ROOT
22.01.2024 18:34:47 org.apache.coyote.http11.Http11Protocol start
INFO: Starting Coyote HTTP/1.1 on http-8080
22.01.2024 18:34:47 org.apache.jk.common.ChannelSocket init
INFO: JK: ajp13 listening on /0.0.0.0:8009
22.01.2024 18:34:47 org.apache.jk.server.JkMain start
INFO: Jk running ID=0 time=0/11  config=null
22.01.2024 18:34:47 org.apache.catalina.startup.Catalina start
INFO: Server startup in 642 ms
22.01.2024 18:47:15 org.apache.coyote.http11.Http11Protocol pause
INFO: Pausing Coyote HTTP/1.1 on http-8080
22.01.2024 18:47:16 org.apache.catalina.core.StandardService stop
INFO: Stopping service Catalina
22.01.2024 18:47:16 org.apache.coyote.http11.Http11Protocol destroy
INFO: Stopping Coyote HTTP/1.1 on http-8080
22.01.2024 18:57:54 org.apache.catalina.core.AprLifecycleListener init
INFO: The APR based Apache Tomcat Native library which allows optimal performance in production environments was not found on the java.library.path: C:\Program Files\Java\jdk1.6.0_45\bin;C:\Windows\Sun\Java\bin;C:\Windows\system32;C:\Windows;C:\Program Files (x86)\VMware\VMware Player\bin\;C:\Windows\system32;C:\Windows;C:\Windows\System32\Wbem;C:\Windows\System32\WindowsPowerShell\v1.0\;C:\Windows\System32\OpenSSH\;C:\Program Files\dotnet\;C:\Program Files\nodejs\;C:\Program Files (x86)\Avest\AvPCM_nces;C:\Program Files\Git\cmd;C:\Program Files\k6\;C:\tools\apache-maven-3.6.3\bin;C:\Program Files\Microsoft SQL Server\150\Tools\Binn\;C:\Program Files\Microsoft SQL Server\Client SDK\ODBC\170\Tools\Binn\;C:\Program Files\Microsoft SQL Server\130\Tools\Binn\;C:\Program Files\MySQL\MySQL Shell 8.0\bin\;C:\Users\dzmikhalchuk\AppData\Local\Programs\Python\Python310\Scripts\;C:\Users\dzmikhalchuk\AppData\Local\Programs\Python\Python310\;C:\Users\dzmikhalchuk\AppData\Local\Microsoft\WindowsApps;C:\Users\dzmikhalchuk\AppData\Roaming\npm;C:\Users\dzmikhalchuk\AppData\Local\Programs\Microsoft VS Code\bin;C:\Users\dzmikhalchuk\AppData\Local\Programs\Python\Python310\python.exe;C:\Program Files\Java\jdk1.6.0_45\bin;C:\Users\dzmikhalchuk\.dotnet\tools;.
22.01.2024 18:57:55 org.apache.coyote.http11.Http11Protocol init
INFO: Initializing Coyote HTTP/1.1 on http-8080
22.01.2024 18:57:55 org.apache.catalina.startup.Catalina load
INFO: Initialization processed in 234 ms
22.01.2024 18:57:55 org.apache.catalina.core.StandardService start
INFO: Starting service Catalina
22.01.2024 18:57:55 org.apache.catalina.core.StandardEngine start
INFO: Starting Servlet Engine: Apache Tomcat/6.0.53
22.01.2024 18:57:55 org.apache.catalina.startup.HostConfig deployDescriptor
INFO: Deploying configuration descriptor host-manager.xml
22.01.2024 18:57:55 org.apache.catalina.startup.HostConfig deployDescriptor
INFO: Deploying configuration descriptor manager.xml
22.01.2024 18:57:55 org.apache.catalina.startup.HostConfig deployDirectory
INFO: Deploying web application directory axis
22.01.2024 18:57:55 org.apache.catalina.startup.HostConfig deployDirectory
INFO: Deploying web application directory docs
22.01.2024 18:57:55 org.apache.catalina.startup.HostConfig deployDirectory
INFO: Deploying web application directory examples
22.01.2024 18:57:55 org.apache.catalina.startup.HostConfig deployDirectory
INFO: Deploying web application directory ROOT
22.01.2024 18:57:55 org.apache.coyote.http11.Http11Protocol start
INFO: Starting Coyote HTTP/1.1 on http-8080
22.01.2024 18:57:55 org.apache.jk.common.ChannelSocket init
INFO: JK: ajp13 listening on /0.0.0.0:8009
22.01.2024 18:57:55 org.apache.jk.server.JkMain start
INFO: Jk running ID=0 time=0/9  config=null
22.01.2024 18:57:55 org.apache.catalina.startup.Catalina start
INFO: Server startup in 631 ms
22.01.2024 19:07:58 org.apache.catalina.startup.Catalina stopServer
SEVERE: Catalina.stop: 
java.net.ConnectException: Connection refused: connect
	at java.net.PlainSocketImpl.socketConnect(Native Method)
	at java.net.PlainSocketImpl.doConnect(PlainSocketImpl.java:351)
	at java.net.PlainSocketImpl.connectToAddress(PlainSocketImpl.java:213)
	at java.net.PlainSocketImpl.connect(PlainSocketImpl.java:200)
	at java.net.SocksSocketImpl.connect(SocksSocketImpl.java:366)
	at java.net.Socket.connect(Socket.java:529)
	at java.net.Socket.connect(Socket.java:478)
	at java.net.Socket.<init>(Socket.java:375)
	at java.net.Socket.<init>(Socket.java:189)
	at org.apache.catalina.startup.Catalina.stopServer(Catalina.java:422)
	at sun.reflect.NativeMethodAccessorImpl.invoke0(Native Method)
	at sun.reflect.NativeMethodAccessorImpl.invoke(NativeMethodAccessorImpl.java:39)
	at sun.reflect.DelegatingMethodAccessorImpl.invoke(DelegatingMethodAccessorImpl.java:25)
	at java.lang.reflect.Method.invoke(Method.java:597)
	at org.apache.catalina.startup.Bootstrap.stopServer(Bootstrap.java:338)
	at org.apache.catalina.startup.Bootstrap.main(Bootstrap.java:416)
22.01.2024 19:08:06 org.apache.catalina.core.AprLifecycleListener init
INFO: The APR based Apache Tomcat Native library which allows optimal performance in production environments was not found on the java.library.path: C:\Program Files\Java\jdk1.6.0_45\bin;C:\Windows\Sun\Java\bin;C:\Windows\system32;C:\Windows;C:\Program Files (x86)\VMware\VMware Player\bin\;C:\Windows\system32;C:\Windows;C:\Windows\System32\Wbem;C:\Windows\System32\WindowsPowerShell\v1.0\;C:\Windows\System32\OpenSSH\;C:\Program Files\dotnet\;C:\Program Files\nodejs\;C:\Program Files (x86)\Avest\AvPCM_nces;C:\Program Files\Git\cmd;C:\Program Files\k6\;C:\tools\apache-maven-3.6.3\bin;C:\Program Files\Microsoft SQL Server\150\Tools\Binn\;C:\Program Files\Microsoft SQL Server\Client SDK\ODBC\170\Tools\Binn\;C:\Program Files\Microsoft SQL Server\130\Tools\Binn\;C:\Program Files\MySQL\MySQL Shell 8.0\bin\;C:\Users\dzmikhalchuk\AppData\Local\Programs\Python\Python310\Scripts\;C:\Users\dzmikhalchuk\AppData\Local\Programs\Python\Python310\;C:\Users\dzmikhalchuk\AppData\Local\Microsoft\WindowsApps;C:\Users\dzmikhalchuk\AppData\Roaming\npm;C:\Users\dzmikhalchuk\AppData\Local\Programs\Microsoft VS Code\bin;C:\Users\dzmikhalchuk\AppData\Local\Programs\Python\Python310\python.exe;C:\Program Files\Java\jdk1.6.0_45\bin;C:\Users\dzmikhalchuk\.dotnet\tools;.
22.01.2024 19:08:07 org.apache.coyote.http11.Http11Protocol init
INFO: Initializing Coyote HTTP/1.1 on http-8080
22.01.2024 19:08:07 org.apache.catalina.startup.Catalina load
INFO: Initialization processed in 248 ms
22.01.2024 19:08:07 org.apache.catalina.core.StandardService start
INFO: Starting service Catalina
22.01.2024 19:08:07 org.apache.catalina.core.StandardEngine start
INFO: Starting Servlet Engine: Apache Tomcat/6.0.53
22.01.2024 19:08:07 org.apache.catalina.startup.HostConfig deployDescriptor
INFO: Deploying configuration descriptor host-manager.xml
22.01.2024 19:08:07 org.apache.catalina.startup.HostConfig deployDescriptor
INFO: Deploying configuration descriptor manager.xml
22.01.2024 19:08:07 org.apache.catalina.startup.HostConfig deployDirectory
INFO: Deploying web application directory axis
22.01.2024 19:08:07 org.apache.catalina.startup.HostConfig deployDirectory
INFO: Deploying web application directory docs
22.01.2024 19:08:07 org.apache.catalina.startup.HostConfig deployDirectory
INFO: Deploying web application directory examples
22.01.2024 19:08:07 org.apache.catalina.startup.HostConfig deployDirectory
INFO: Deploying web application directory ROOT
22.01.2024 19:08:07 org.apache.coyote.http11.Http11Protocol start
INFO: Starting Coyote HTTP/1.1 on http-8080
22.01.2024 19:08:07 org.apache.jk.common.ChannelSocket init
INFO: JK: ajp13 listening on /0.0.0.0:8009
22.01.2024 19:08:07 org.apache.jk.server.JkMain start
INFO: Jk running ID=0 time=0/9  config=null
22.01.2024 19:08:07 org.apache.catalina.startup.Catalina start
INFO: Server startup in 645 ms
22.01.2024 19:12:10 org.apache.coyote.http11.Http11Protocol pause
INFO: Pausing Coyote HTTP/1.1 on http-8080
22.01.2024 19:12:11 org.apache.catalina.core.StandardService stop
INFO: Stopping service Catalina
22.01.2024 19:12:12 org.apache.coyote.http11.Http11Protocol destroy
INFO: Stopping Coyote HTTP/1.1 on http-8080
22.01.2024 19:21:23 org.apache.catalina.core.AprLifecycleListener init
INFO: The APR based Apache Tomcat Native library which allows optimal performance in production environments was not found on the java.library.path: C:\Program Files\Java\jdk1.6.0_45\bin;C:\Windows\Sun\Java\bin;C:\Windows\system32;C:\Windows;C:\Program Files (x86)\VMware\VMware Player\bin\;C:\Windows\system32;C:\Windows;C:\Windows\System32\Wbem;C:\Windows\System32\WindowsPowerShell\v1.0\;C:\Windows\System32\OpenSSH\;C:\Program Files\dotnet\;C:\Program Files\nodejs\;C:\Program Files (x86)\Avest\AvPCM_nces;C:\Program Files\Git\cmd;C:\Program Files\k6\;C:\tools\apache-maven-3.6.3\bin;C:\Program Files\Microsoft SQL Server\150\Tools\Binn\;C:\Program Files\Microsoft SQL Server\Client SDK\ODBC\170\Tools\Binn\;C:\Program Files\Microsoft SQL Server\130\Tools\Binn\;C:\Program Files\MySQL\MySQL Shell 8.0\bin\;C:\Users\dzmikhalchuk\AppData\Local\Programs\Python\Python310\Scripts\;C:\Users\dzmikhalchuk\AppData\Local\Programs\Python\Python310\;C:\Users\dzmikhalchuk\AppData\Local\Microsoft\WindowsApps;C:\Users\dzmikhalchuk\AppData\Roaming\npm;C:\Users\dzmikhalchuk\AppData\Local\Programs\Microsoft VS Code\bin;C:\Users\dzmikhalchuk\AppData\Local\Programs\Python\Python310\python.exe;C:\Program Files\Java\jdk1.6.0_45\bin;C:\Users\dzmikhalchuk\.dotnet\tools;.
22.01.2024 19:21:23 org.apache.coyote.http11.Http11Protocol init
INFO: Initializing Coyote HTTP/1.1 on http-8080
22.01.2024 19:21:23 org.apache.catalina.startup.Catalina load
INFO: Initialization processed in 239 ms
22.01.2024 19:21:23 org.apache.catalina.core.StandardService start
INFO: Starting service Catalina
22.01.2024 19:21:23 org.apache.catalina.core.StandardEngine start
INFO: Starting Servlet Engine: Apache Tomcat/6.0.53
22.01.2024 19:21:23 org.apache.catalina.startup.HostConfig deployDescriptor
INFO: Deploying configuration descriptor host-manager.xml
22.01.2024 19:21:23 org.apache.catalina.startup.HostConfig deployDescriptor
INFO: Deploying configuration descriptor manager.xml
22.01.2024 19:21:23 org.apache.catalina.startup.HostConfig deployDirectory
INFO: Deploying web application directory axis
22.01.2024 19:21:23 org.apache.catalina.startup.HostConfig deployDirectory
INFO: Deploying web application directory docs
22.01.2024 19:21:23 org.apache.catalina.startup.HostConfig deployDirectory
INFO: Deploying web application directory examples
22.01.2024 19:21:23 org.apache.catalina.startup.HostConfig deployDirectory
INFO: Deploying web application directory ROOT
22.01.2024 19:21:23 org.apache.coyote.http11.Http11Protocol start
INFO: Starting Coyote HTTP/1.1 on http-8080
22.01.2024 19:21:23 org.apache.jk.common.ChannelSocket init
INFO: JK: ajp13 listening on /0.0.0.0:8009
22.01.2024 19:21:23 org.apache.jk.server.JkMain start
INFO: Jk running ID=0 time=0/10  config=null
22.01.2024 19:21:23 org.apache.catalina.startup.Catalina start
INFO: Server startup in 650 ms
22.01.2024 19:45:51 org.apache.coyote.http11.Http11Protocol pause
INFO: Pausing Coyote HTTP/1.1 on http-8080
22.01.2024 19:45:52 org.apache.catalina.core.StandardService stop
INFO: Stopping service Catalina
22.01.2024 19:45:52 org.apache.coyote.http11.Http11Protocol destroy
INFO: Stopping Coyote HTTP/1.1 on http-8080
