џэт 21, 2024 6:16:55 PM org.apache.catalina.core.ApplicationContext log
INFO: ContextListener: contextInitialized()
џэт 21, 2024 6:16:55 PM org.apache.catalina.core.ApplicationContext log
INFO: SessionListener: contextInitialized()
џэт 21, 2024 6:21:06 PM org.apache.catalina.core.ApplicationContext log
INFO: ContextListener: contextInitialized()
џэт 21, 2024 6:21:06 PM org.apache.catalina.core.ApplicationContext log
INFO: SessionListener: contextInitialized()
џэт 21, 2024 6:21:07 PM org.apache.catalina.core.ApplicationContext log
INFO: SessionListener: contextDestroyed()
џэт 21, 2024 6:21:07 PM org.apache.catalina.core.ApplicationContext log
INFO: ContextListener: contextDestroyed()
21.01.2024 19:08:51 org.apache.catalina.core.ApplicationContext log
INFO: ContextListener: contextInitialized()
21.01.2024 19:08:51 org.apache.catalina.core.ApplicationContext log
INFO: SessionListener: contextInitialized()
21.01.2024 19:09:07 org.apache.catalina.core.StandardWrapperValve invoke
SEVERE: Servlet.service() for servlet AxisServlet threw exception
java.lang.UnsupportedClassVersionError: StoreService : Unsupported major.minor version 52.0 (unable to load class StoreService)
	at org.apache.catalina.loader.WebappClassLoader.findClassInternal(WebappClassLoader.java:2950)
	at org.apache.catalina.loader.WebappClassLoader.findClass(WebappClassLoader.java:1177)
	at org.apache.catalina.loader.WebappClassLoader.loadClass(WebappClassLoader.java:1665)
	at org.apache.catalina.loader.WebappClassLoader.loadClass(WebappClassLoader.java:1544)
	at java.lang.Class.forName0(Native Method)
	at java.lang.Class.forName(Class.java:249)
	at org.apache.axis.utils.ClassUtils$2.run(ClassUtils.java:177)
	at java.security.AccessController.doPrivileged(Native Method)
	at org.apache.axis.utils.ClassUtils.loadClass(ClassUtils.java:160)
	at org.apache.axis.utils.ClassUtils.forName(ClassUtils.java:142)
	at org.apache.axis.utils.cache.ClassCache.lookup(ClassCache.java:85)
	at org.apache.axis.providers.java.JavaProvider.getServiceClass(JavaProvider.java:428)
	at org.apache.axis.providers.java.JavaProvider.initServiceDesc(JavaProvider.java:461)
	at org.apache.axis.handlers.soap.SOAPService.getInitializedServiceDesc(SOAPService.java:286)
	at org.apache.axis.deployment.wsdd.WSDDService.makeNewInstance(WSDDService.java:500)
	at org.apache.axis.deployment.wsdd.WSDDDeployment.getDeployedServices(WSDDDeployment.java:503)
	at org.apache.axis.configuration.FileProvider.getDeployedServices(FileProvider.java:296)
	at org.apache.axis.transport.http.AxisServlet.reportAvailableServices(AxisServlet.java:482)
	at org.apache.axis.transport.http.AxisServlet.doGet(AxisServlet.java:260)
	at javax.servlet.http.HttpServlet.service(HttpServlet.java:617)
	at org.apache.axis.transport.http.AxisServletBase.service(AxisServletBase.java:327)
	at javax.servlet.http.HttpServlet.service(HttpServlet.java:723)
	at org.apache.catalina.core.ApplicationFilterChain.internalDoFilter(ApplicationFilterChain.java:290)
	at org.apache.catalina.core.ApplicationFilterChain.doFilter(ApplicationFilterChain.java:206)
	at org.apache.catalina.core.StandardWrapperValve.invoke(StandardWrapperValve.java:233)
	at org.apache.catalina.core.StandardContextValve.invoke(StandardContextValve.java:191)
	at org.apache.catalina.core.StandardHostValve.invoke(StandardHostValve.java:127)
	at org.apache.catalina.valves.ErrorReportValve.invoke(ErrorReportValve.java:103)
	at org.apache.catalina.core.StandardEngineValve.invoke(StandardEngineValve.java:109)
	at org.apache.catalina.connector.CoyoteAdapter.service(CoyoteAdapter.java:293)
	at org.apache.coyote.http11.Http11Processor.process(Http11Processor.java:859)
	at org.apache.coyote.http11.Http11Protocol$Http11ConnectionHandler.process(Http11Protocol.java:610)
	at org.apache.tomcat.util.net.JIoEndpoint$Worker.run(JIoEndpoint.java:503)
	at java.lang.Thread.run(Thread.java:662)
21.01.2024 19:09:13 org.apache.catalina.core.StandardWrapperValve invoke
SEVERE: Servlet.service() for servlet AxisServlet threw exception
java.lang.UnsupportedClassVersionError: StoreService : Unsupported major.minor version 52.0 (unable to load class StoreService)
	at org.apache.catalina.loader.WebappClassLoader.findClassInternal(WebappClassLoader.java:2950)
	at org.apache.catalina.loader.WebappClassLoader.findClass(WebappClassLoader.java:1177)
	at org.apache.catalina.loader.WebappClassLoader.loadClass(WebappClassLoader.java:1665)
	at org.apache.catalina.loader.WebappClassLoader.loadClass(WebappClassLoader.java:1544)
	at java.lang.Class.forName0(Native Method)
	at java.lang.Class.forName(Class.java:249)
	at org.apache.axis.utils.ClassUtils$2.run(ClassUtils.java:177)
	at java.security.AccessController.doPrivileged(Native Method)
	at org.apache.axis.utils.ClassUtils.loadClass(ClassUtils.java:160)
	at org.apache.axis.utils.ClassUtils.forName(ClassUtils.java:142)
	at org.apache.axis.utils.cache.ClassCache.lookup(ClassCache.java:85)
	at org.apache.axis.providers.java.JavaProvider.getServiceClass(JavaProvider.java:428)
	at org.apache.axis.providers.java.JavaProvider.initServiceDesc(JavaProvider.java:461)
	at org.apache.axis.handlers.soap.SOAPService.getInitializedServiceDesc(SOAPService.java:286)
	at org.apache.axis.deployment.wsdd.WSDDService.makeNewInstance(WSDDService.java:500)
	at org.apache.axis.deployment.wsdd.WSDDDeployment.getDeployedServices(WSDDDeployment.java:503)
	at org.apache.axis.configuration.FileProvider.getDeployedServices(FileProvider.java:296)
	at org.apache.axis.transport.http.AxisServlet.reportAvailableServices(AxisServlet.java:482)
	at org.apache.axis.transport.http.AxisServlet.doGet(AxisServlet.java:260)
	at javax.servlet.http.HttpServlet.service(HttpServlet.java:617)
	at org.apache.axis.transport.http.AxisServletBase.service(AxisServletBase.java:327)
	at javax.servlet.http.HttpServlet.service(HttpServlet.java:723)
	at org.apache.catalina.core.ApplicationFilterChain.internalDoFilter(ApplicationFilterChain.java:290)
	at org.apache.catalina.core.ApplicationFilterChain.doFilter(ApplicationFilterChain.java:206)
	at org.apache.catalina.core.StandardWrapperValve.invoke(StandardWrapperValve.java:233)
	at org.apache.catalina.core.StandardContextValve.invoke(StandardContextValve.java:191)
	at org.apache.catalina.core.StandardHostValve.invoke(StandardHostValve.java:127)
	at org.apache.catalina.valves.ErrorReportValve.invoke(ErrorReportValve.java:103)
	at org.apache.catalina.core.StandardEngineValve.invoke(StandardEngineValve.java:109)
	at org.apache.catalina.connector.CoyoteAdapter.service(CoyoteAdapter.java:293)
	at org.apache.coyote.http11.Http11Processor.process(Http11Processor.java:859)
	at org.apache.coyote.http11.Http11Protocol$Http11ConnectionHandler.process(Http11Protocol.java:610)
	at org.apache.tomcat.util.net.JIoEndpoint$Worker.run(JIoEndpoint.java:503)
	at java.lang.Thread.run(Thread.java:662)
21.01.2024 19:09:37 org.apache.catalina.core.StandardWrapperValve invoke
SEVERE: Servlet.service() for servlet AxisServlet threw exception
java.lang.UnsupportedClassVersionError: StoreService : Unsupported major.minor version 52.0 (unable to load class StoreService)
	at org.apache.catalina.loader.WebappClassLoader.findClassInternal(WebappClassLoader.java:2950)
	at org.apache.catalina.loader.WebappClassLoader.findClass(WebappClassLoader.java:1177)
	at org.apache.catalina.loader.WebappClassLoader.loadClass(WebappClassLoader.java:1665)
	at org.apache.catalina.loader.WebappClassLoader.loadClass(WebappClassLoader.java:1544)
	at java.lang.Class.forName0(Native Method)
	at java.lang.Class.forName(Class.java:249)
	at org.apache.axis.utils.ClassUtils$2.run(ClassUtils.java:177)
	at java.security.AccessController.doPrivileged(Native Method)
	at org.apache.axis.utils.ClassUtils.loadClass(ClassUtils.java:160)
	at org.apache.axis.utils.ClassUtils.forName(ClassUtils.java:142)
	at org.apache.axis.utils.cache.ClassCache.lookup(ClassCache.java:85)
	at org.apache.axis.providers.java.JavaProvider.getServiceClass(JavaProvider.java:428)
	at org.apache.axis.providers.java.JavaProvider.initServiceDesc(JavaProvider.java:461)
	at org.apache.axis.handlers.soap.SOAPService.getInitializedServiceDesc(SOAPService.java:286)
	at org.apache.axis.deployment.wsdd.WSDDService.makeNewInstance(WSDDService.java:500)
	at org.apache.axis.deployment.wsdd.WSDDDeployment.getDeployedServices(WSDDDeployment.java:503)
	at org.apache.axis.configuration.FileProvider.getDeployedServices(FileProvider.java:296)
	at org.apache.axis.transport.http.AxisServlet.reportAvailableServices(AxisServlet.java:482)
	at org.apache.axis.transport.http.AxisServlet.doGet(AxisServlet.java:260)
	at javax.servlet.http.HttpServlet.service(HttpServlet.java:617)
	at org.apache.axis.transport.http.AxisServletBase.service(AxisServletBase.java:327)
	at javax.servlet.http.HttpServlet.service(HttpServlet.java:723)
	at org.apache.catalina.core.ApplicationFilterChain.internalDoFilter(ApplicationFilterChain.java:290)
	at org.apache.catalina.core.ApplicationFilterChain.doFilter(ApplicationFilterChain.java:206)
	at org.apache.catalina.core.StandardWrapperValve.invoke(StandardWrapperValve.java:233)
	at org.apache.catalina.core.StandardContextValve.invoke(StandardContextValve.java:191)
	at org.apache.catalina.core.StandardHostValve.invoke(StandardHostValve.java:127)
	at org.apache.catalina.valves.ErrorReportValve.invoke(ErrorReportValve.java:103)
	at org.apache.catalina.core.StandardEngineValve.invoke(StandardEngineValve.java:109)
	at org.apache.catalina.connector.CoyoteAdapter.service(CoyoteAdapter.java:293)
	at org.apache.coyote.http11.Http11Processor.process(Http11Processor.java:859)
	at org.apache.coyote.http11.Http11Protocol$Http11ConnectionHandler.process(Http11Protocol.java:610)
	at org.apache.tomcat.util.net.JIoEndpoint$Worker.run(JIoEndpoint.java:503)
	at java.lang.Thread.run(Thread.java:662)
21.01.2024 19:10:16 org.apache.catalina.core.StandardWrapperValve invoke
SEVERE: Servlet.service() for servlet AxisServlet threw exception
java.lang.UnsupportedClassVersionError: StoreService : Unsupported major.minor version 52.0 (unable to load class StoreService)
	at org.apache.catalina.loader.WebappClassLoader.findClassInternal(WebappClassLoader.java:2950)
	at org.apache.catalina.loader.WebappClassLoader.findClass(WebappClassLoader.java:1177)
	at org.apache.catalina.loader.WebappClassLoader.loadClass(WebappClassLoader.java:1665)
	at org.apache.catalina.loader.WebappClassLoader.loadClass(WebappClassLoader.java:1544)
	at java.lang.Class.forName0(Native Method)
	at java.lang.Class.forName(Class.java:249)
	at org.apache.axis.utils.ClassUtils$2.run(ClassUtils.java:177)
	at java.security.AccessController.doPrivileged(Native Method)
	at org.apache.axis.utils.ClassUtils.loadClass(ClassUtils.java:160)
	at org.apache.axis.utils.ClassUtils.forName(ClassUtils.java:142)
	at org.apache.axis.utils.cache.ClassCache.lookup(ClassCache.java:85)
	at org.apache.axis.providers.java.JavaProvider.getServiceClass(JavaProvider.java:428)
	at org.apache.axis.providers.java.JavaProvider.initServiceDesc(JavaProvider.java:461)
	at org.apache.axis.handlers.soap.SOAPService.getInitializedServiceDesc(SOAPService.java:286)
	at org.apache.axis.deployment.wsdd.WSDDService.makeNewInstance(WSDDService.java:500)
	at org.apache.axis.deployment.wsdd.WSDDDeployment.getDeployedServices(WSDDDeployment.java:503)
	at org.apache.axis.configuration.FileProvider.getDeployedServices(FileProvider.java:296)
	at org.apache.axis.transport.http.AxisServlet.reportAvailableServices(AxisServlet.java:482)
	at org.apache.axis.transport.http.AxisServlet.doGet(AxisServlet.java:260)
	at javax.servlet.http.HttpServlet.service(HttpServlet.java:617)
	at org.apache.axis.transport.http.AxisServletBase.service(AxisServletBase.java:327)
	at javax.servlet.http.HttpServlet.service(HttpServlet.java:723)
	at org.apache.catalina.core.ApplicationFilterChain.internalDoFilter(ApplicationFilterChain.java:290)
	at org.apache.catalina.core.ApplicationFilterChain.doFilter(ApplicationFilterChain.java:206)
	at org.apache.catalina.core.StandardWrapperValve.invoke(StandardWrapperValve.java:233)
	at org.apache.catalina.core.StandardContextValve.invoke(StandardContextValve.java:191)
	at org.apache.catalina.core.StandardHostValve.invoke(StandardHostValve.java:127)
	at org.apache.catalina.valves.ErrorReportValve.invoke(ErrorReportValve.java:103)
	at org.apache.catalina.core.StandardEngineValve.invoke(StandardEngineValve.java:109)
	at org.apache.catalina.connector.CoyoteAdapter.service(CoyoteAdapter.java:293)
	at org.apache.coyote.http11.Http11Processor.process(Http11Processor.java:859)
	at org.apache.coyote.http11.Http11Protocol$Http11ConnectionHandler.process(Http11Protocol.java:610)
	at org.apache.tomcat.util.net.JIoEndpoint$Worker.run(JIoEndpoint.java:503)
	at java.lang.Thread.run(Thread.java:662)
21.01.2024 19:10:27 org.apache.catalina.core.ApplicationContext log
INFO: SessionListener: contextDestroyed()
21.01.2024 19:10:27 org.apache.catalina.core.ApplicationContext log
INFO: ContextListener: contextDestroyed()
21.01.2024 19:10:29 org.apache.catalina.core.ApplicationContext log
INFO: ContextListener: contextInitialized()
21.01.2024 19:10:29 org.apache.catalina.core.ApplicationContext log
INFO: SessionListener: contextInitialized()
21.01.2024 19:10:45 org.apache.catalina.core.StandardWrapperValve invoke
SEVERE: Servlet.service() for servlet AxisServlet threw exception
java.lang.UnsupportedClassVersionError: StoreService : Unsupported major.minor version 52.0 (unable to load class StoreService)
	at org.apache.catalina.loader.WebappClassLoader.findClassInternal(WebappClassLoader.java:2950)
	at org.apache.catalina.loader.WebappClassLoader.findClass(WebappClassLoader.java:1177)
	at org.apache.catalina.loader.WebappClassLoader.loadClass(WebappClassLoader.java:1665)
	at org.apache.catalina.loader.WebappClassLoader.loadClass(WebappClassLoader.java:1544)
	at java.lang.Class.forName0(Native Method)
	at java.lang.Class.forName(Class.java:249)
	at org.apache.axis.utils.ClassUtils$2.run(ClassUtils.java:177)
	at java.security.AccessController.doPrivileged(Native Method)
	at org.apache.axis.utils.ClassUtils.loadClass(ClassUtils.java:160)
	at org.apache.axis.utils.ClassUtils.forName(ClassUtils.java:142)
	at org.apache.axis.utils.cache.ClassCache.lookup(ClassCache.java:85)
	at org.apache.axis.providers.java.JavaProvider.getServiceClass(JavaProvider.java:428)
	at org.apache.axis.providers.java.JavaProvider.initServiceDesc(JavaProvider.java:461)
	at org.apache.axis.handlers.soap.SOAPService.getInitializedServiceDesc(SOAPService.java:286)
	at org.apache.axis.deployment.wsdd.WSDDService.makeNewInstance(WSDDService.java:500)
	at org.apache.axis.deployment.wsdd.WSDDDeployment.getDeployedServices(WSDDDeployment.java:503)
	at org.apache.axis.configuration.FileProvider.getDeployedServices(FileProvider.java:296)
	at org.apache.axis.transport.http.AxisServlet.reportAvailableServices(AxisServlet.java:482)
	at org.apache.axis.transport.http.AxisServlet.doGet(AxisServlet.java:260)
	at javax.servlet.http.HttpServlet.service(HttpServlet.java:617)
	at org.apache.axis.transport.http.AxisServletBase.service(AxisServletBase.java:327)
	at javax.servlet.http.HttpServlet.service(HttpServlet.java:723)
	at org.apache.catalina.core.ApplicationFilterChain.internalDoFilter(ApplicationFilterChain.java:290)
	at org.apache.catalina.core.ApplicationFilterChain.doFilter(ApplicationFilterChain.java:206)
	at org.apache.catalina.core.StandardWrapperValve.invoke(StandardWrapperValve.java:233)
	at org.apache.catalina.core.StandardContextValve.invoke(StandardContextValve.java:191)
	at org.apache.catalina.core.StandardHostValve.invoke(StandardHostValve.java:127)
	at org.apache.catalina.valves.ErrorReportValve.invoke(ErrorReportValve.java:103)
	at org.apache.catalina.core.StandardEngineValve.invoke(StandardEngineValve.java:109)
	at org.apache.catalina.connector.CoyoteAdapter.service(CoyoteAdapter.java:293)
	at org.apache.coyote.http11.Http11Processor.process(Http11Processor.java:859)
	at org.apache.coyote.http11.Http11Protocol$Http11ConnectionHandler.process(Http11Protocol.java:610)
	at org.apache.tomcat.util.net.JIoEndpoint$Worker.run(JIoEndpoint.java:503)
	at java.lang.Thread.run(Thread.java:662)
21.01.2024 19:20:11 org.apache.catalina.core.ApplicationContext log
INFO: SessionListener: contextDestroyed()
21.01.2024 19:20:11 org.apache.catalina.core.ApplicationContext log
INFO: ContextListener: contextDestroyed()
21.01.2024 19:20:12 org.apache.catalina.core.ApplicationContext log
INFO: ContextListener: contextInitialized()
21.01.2024 19:20:12 org.apache.catalina.core.ApplicationContext log
INFO: SessionListener: contextInitialized()
