џэт 04, 2024 11:40:20 AM org.apache.catalina.core.ApplicationContext log
INFO: ContextListener: contextInitialized()
џэт 04, 2024 11:40:20 AM org.apache.catalina.core.ApplicationContext log
INFO: SessionListener: contextInitialized()
Jan 04, 2024 11:56:50 AM org.apache.catalina.core.ApplicationContext log
INFO: SessionListener: contextDestroyed()
Jan 04, 2024 11:56:50 AM org.apache.catalina.core.ApplicationContext log
INFO: ContextListener: contextDestroyed()
џэт 04, 2024 11:56:53 AM org.apache.catalina.core.ApplicationContext log
INFO: ContextListener: contextInitialized()
џэт 04, 2024 11:56:53 AM org.apache.catalina.core.ApplicationContext log
INFO: SessionListener: contextInitialized()
џэт 04, 2024 11:58:21 AM org.apache.catalina.core.ApplicationContext log
INFO: ContextListener: contextInitialized()
џэт 04, 2024 11:58:21 AM org.apache.catalina.core.ApplicationContext log
INFO: SessionListener: contextInitialized()
џэт 04, 2024 12:01:58 PM org.apache.catalina.core.ApplicationContext log
INFO: ContextListener: contextInitialized()
џэт 04, 2024 12:01:58 PM org.apache.catalina.core.ApplicationContext log
INFO: SessionListener: contextInitialized()
